Process Process-23:
Traceback (most recent call last):
  File "/home/thoma/anaconda3/envs/benchmark/lib/python3.8/multiprocessing/process.py", line 315, in _bootstrap
    self.run()
  File "/home/thoma/anaconda3/envs/benchmark/lib/python3.8/multiprocessing/process.py", line 108, in run
    self._target(*self._args, **self._kwargs)
  File "/home/thoma/benchmarking_rlmut/RLMutation/RLMT/agent.py", line 166, in test
    mean_reward, std_reward = evaluate_policy(
  File "/home/thoma/anaconda3/envs/benchmark/lib/python3.8/site-packages/stable_baselines3/common/evaluation.py", line 89, in evaluate_policy
    observations, rewards, dones, infos = env.step(actions)
  File "/home/thoma/anaconda3/envs/benchmark/lib/python3.8/site-packages/stable_baselines3/common/vec_env/base_vec_env.py", line 162, in step
    return self.step_wait()
  File "/home/thoma/anaconda3/envs/benchmark/lib/python3.8/site-packages/stable_baselines3/common/vec_env/dummy_vec_env.py", line 51, in step_wait
    return (self._obs_from_buf(), np.copy(self.buf_rews), np.copy(self.buf_dones), deepcopy(self.buf_infos))
  File "/home/thoma/anaconda3/envs/benchmark/lib/python3.8/site-packages/stable_baselines3/common/vec_env/dummy_vec_env.py", line 99, in _obs_from_buf
    return dict_to_obs(self.observation_space, copy_obs_dict(self.buf_obs))
  File "/home/thoma/anaconda3/envs/benchmark/lib/python3.8/site-packages/stable_baselines3/common/vec_env/util.py", line 42, in dict_to_obs
    assert set(obs_dict.keys()) == {None}, "multiple observation keys for unstructured observation space"
KeyboardInterrupt
Process ForkPoolWorker-9:
Traceback (most recent call last):
  File "/home/thoma/anaconda3/envs/benchmark/lib/python3.8/multiprocessing/process.py", line 315, in _bootstrap
    self.run()
  File "/home/thoma/anaconda3/envs/benchmark/lib/python3.8/multiprocessing/process.py", line 108, in run
    self._target(*self._args, **self._kwargs)
  File "/home/thoma/anaconda3/envs/benchmark/lib/python3.8/multiprocessing/pool.py", line 114, in worker
    task = get()
  File "/home/thoma/anaconda3/envs/benchmark/lib/python3.8/multiprocessing/queues.py", line 355, in get
    with self._rlock:
  File "/home/thoma/anaconda3/envs/benchmark/lib/python3.8/multiprocessing/synchronize.py", line 95, in __enter__
    return self._semlock.__enter__()
KeyboardInterrupt
Process ForkPoolWorker-5:
Traceback (most recent call last):
  File "/home/thoma/anaconda3/envs/benchmark/lib/python3.8/multiprocessing/process.py", line 315, in _bootstrap
    self.run()
  File "/home/thoma/anaconda3/envs/benchmark/lib/python3.8/multiprocessing/process.py", line 108, in run
    self._target(*self._args, **self._kwargs)
  File "/home/thoma/anaconda3/envs/benchmark/lib/python3.8/multiprocessing/pool.py", line 114, in worker
    task = get()
  File "/home/thoma/anaconda3/envs/benchmark/lib/python3.8/multiprocessing/queues.py", line 355, in get
    with self._rlock:
  File "/home/thoma/anaconda3/envs/benchmark/lib/python3.8/multiprocessing/synchronize.py", line 95, in __enter__
    return self._semlock.__enter__()
KeyboardInterrupt
Process ForkPoolWorker-2:
Traceback (most recent call last):
  File "/home/thoma/anaconda3/envs/benchmark/lib/python3.8/multiprocessing/process.py", line 315, in _bootstrap
    self.run()
  File "/home/thoma/anaconda3/envs/benchmark/lib/python3.8/multiprocessing/process.py", line 108, in run
    self._target(*self._args, **self._kwargs)
  File "/home/thoma/anaconda3/envs/benchmark/lib/python3.8/multiprocessing/pool.py", line 114, in worker
    task = get()
  File "/home/thoma/anaconda3/envs/benchmark/lib/python3.8/multiprocessing/queues.py", line 356, in get
    res = self._reader.recv_bytes()
  File "/home/thoma/anaconda3/envs/benchmark/lib/python3.8/multiprocessing/connection.py", line 216, in recv_bytes
    buf = self._recv_bytes(maxlength)
  File "/home/thoma/anaconda3/envs/benchmark/lib/python3.8/multiprocessing/connection.py", line 414, in _recv_bytes
    buf = self._recv(4)
  File "/home/thoma/anaconda3/envs/benchmark/lib/python3.8/multiprocessing/connection.py", line 379, in _recv
    chunk = read(handle, remaining)
KeyboardInterrupt
Process ForkPoolWorker-7:
Traceback (most recent call last):
  File "/home/thoma/anaconda3/envs/benchmark/lib/python3.8/multiprocessing/process.py", line 315, in _bootstrap
    self.run()
  File "/home/thoma/anaconda3/envs/benchmark/lib/python3.8/multiprocessing/process.py", line 108, in run
    self._target(*self._args, **self._kwargs)
  File "/home/thoma/anaconda3/envs/benchmark/lib/python3.8/multiprocessing/pool.py", line 114, in worker
    task = get()
  File "/home/thoma/anaconda3/envs/benchmark/lib/python3.8/multiprocessing/queues.py", line 355, in get
    with self._rlock:
  File "/home/thoma/anaconda3/envs/benchmark/lib/python3.8/multiprocessing/synchronize.py", line 95, in __enter__
    return self._semlock.__enter__()
KeyboardInterrupt
Process ForkPoolWorker-3:
Traceback (most recent call last):
  File "/home/thoma/anaconda3/envs/benchmark/lib/python3.8/multiprocessing/process.py", line 315, in _bootstrap
    self.run()
  File "/home/thoma/anaconda3/envs/benchmark/lib/python3.8/multiprocessing/process.py", line 108, in run
    self._target(*self._args, **self._kwargs)
  File "/home/thoma/anaconda3/envs/benchmark/lib/python3.8/multiprocessing/pool.py", line 114, in worker
    task = get()
  File "/home/thoma/anaconda3/envs/benchmark/lib/python3.8/multiprocessing/queues.py", line 355, in get
    with self._rlock:
  File "/home/thoma/anaconda3/envs/benchmark/lib/python3.8/multiprocessing/synchronize.py", line 95, in __enter__
    return self._semlock.__enter__()
KeyboardInterrupt
Process ForkPoolWorker-10:
Traceback (most recent call last):
  File "/home/thoma/anaconda3/envs/benchmark/lib/python3.8/multiprocessing/process.py", line 315, in _bootstrap
    self.run()
  File "/home/thoma/anaconda3/envs/benchmark/lib/python3.8/multiprocessing/process.py", line 108, in run
    self._target(*self._args, **self._kwargs)
  File "/home/thoma/anaconda3/envs/benchmark/lib/python3.8/multiprocessing/pool.py", line 114, in worker
    task = get()
  File "/home/thoma/anaconda3/envs/benchmark/lib/python3.8/multiprocessing/queues.py", line 355, in get
    with self._rlock:
  File "/home/thoma/anaconda3/envs/benchmark/lib/python3.8/multiprocessing/synchronize.py", line 95, in __enter__
    return self._semlock.__enter__()
KeyboardInterrupt
Process ForkPoolWorker-6:
Traceback (most recent call last):
  File "/home/thoma/anaconda3/envs/benchmark/lib/python3.8/multiprocessing/process.py", line 315, in _bootstrap
    self.run()
  File "/home/thoma/anaconda3/envs/benchmark/lib/python3.8/multiprocessing/process.py", line 108, in run
    self._target(*self._args, **self._kwargs)
  File "/home/thoma/anaconda3/envs/benchmark/lib/python3.8/multiprocessing/pool.py", line 114, in worker
    task = get()
  File "/home/thoma/anaconda3/envs/benchmark/lib/python3.8/multiprocessing/queues.py", line 355, in get
    with self._rlock:
  File "/home/thoma/anaconda3/envs/benchmark/lib/python3.8/multiprocessing/synchronize.py", line 95, in __enter__
    return self._semlock.__enter__()
KeyboardInterrupt
Process ForkPoolWorker-4:
Traceback (most recent call last):
  File "/home/thoma/anaconda3/envs/benchmark/lib/python3.8/multiprocessing/process.py", line 315, in _bootstrap
    self.run()
  File "/home/thoma/anaconda3/envs/benchmark/lib/python3.8/multiprocessing/process.py", line 108, in run
    self._target(*self._args, **self._kwargs)
  File "/home/thoma/anaconda3/envs/benchmark/lib/python3.8/multiprocessing/pool.py", line 114, in worker
    task = get()
  File "/home/thoma/anaconda3/envs/benchmark/lib/python3.8/multiprocessing/queues.py", line 355, in get
    with self._rlock:
  File "/home/thoma/anaconda3/envs/benchmark/lib/python3.8/multiprocessing/synchronize.py", line 95, in __enter__
    return self._semlock.__enter__()
KeyboardInterrupt
Process ForkPoolWorker-8:
Traceback (most recent call last):
  File "/home/thoma/anaconda3/envs/benchmark/lib/python3.8/multiprocessing/process.py", line 315, in _bootstrap
    self.run()
  File "/home/thoma/anaconda3/envs/benchmark/lib/python3.8/multiprocessing/process.py", line 108, in run
    self._target(*self._args, **self._kwargs)
  File "/home/thoma/anaconda3/envs/benchmark/lib/python3.8/multiprocessing/pool.py", line 114, in worker
    task = get()
  File "/home/thoma/anaconda3/envs/benchmark/lib/python3.8/multiprocessing/queues.py", line 355, in get
    with self._rlock:
  File "/home/thoma/anaconda3/envs/benchmark/lib/python3.8/multiprocessing/synchronize.py", line 95, in __enter__
    return self._semlock.__enter__()
KeyboardInterrupt
Process Process-28:
Traceback (most recent call last):
  File "/home/thoma/anaconda3/envs/benchmark/lib/python3.8/multiprocessing/process.py", line 315, in _bootstrap
    self.run()
  File "/home/thoma/anaconda3/envs/benchmark/lib/python3.8/multiprocessing/process.py", line 108, in run
    self._target(*self._args, **self._kwargs)
  File "/home/thoma/benchmarking_rlmut/RLMutation/RLMT/agent.py", line 166, in test
    mean_reward, std_reward = evaluate_policy(
  File "/home/thoma/anaconda3/envs/benchmark/lib/python3.8/site-packages/stable_baselines3/common/evaluation.py", line 89, in evaluate_policy
    observations, rewards, dones, infos = env.step(actions)
  File "/home/thoma/anaconda3/envs/benchmark/lib/python3.8/site-packages/stable_baselines3/common/vec_env/base_vec_env.py", line 162, in step
    return self.step_wait()
  File "/home/thoma/anaconda3/envs/benchmark/lib/python3.8/site-packages/stable_baselines3/common/vec_env/dummy_vec_env.py", line 51, in step_wait
    return (self._obs_from_buf(), np.copy(self.buf_rews), np.copy(self.buf_dones), deepcopy(self.buf_infos))
  File "/home/thoma/anaconda3/envs/benchmark/lib/python3.8/site-packages/stable_baselines3/common/vec_env/dummy_vec_env.py", line 99, in _obs_from_buf
    return dict_to_obs(self.observation_space, copy_obs_dict(self.buf_obs))
  File "/home/thoma/anaconda3/envs/benchmark/lib/python3.8/site-packages/stable_baselines3/common/vec_env/util.py", line 22, in copy_obs_dict
    return OrderedDict([(k, np.copy(v)) for k, v in obs.items()])
  File "/home/thoma/anaconda3/envs/benchmark/lib/python3.8/site-packages/stable_baselines3/common/vec_env/util.py", line 22, in <listcomp>
    return OrderedDict([(k, np.copy(v)) for k, v in obs.items()])
  File "<__array_function__ internals>", line 180, in copy
  File "/home/thoma/anaconda3/envs/benchmark/lib/python3.8/site-packages/numpy/lib/function_base.py", line 870, in copy
    @array_function_dispatch(_copy_dispatcher)
KeyboardInterrupt
Process Process-20:
Traceback (most recent call last):
  File "/home/thoma/anaconda3/envs/benchmark/lib/python3.8/multiprocessing/process.py", line 315, in _bootstrap
    self.run()
  File "/home/thoma/anaconda3/envs/benchmark/lib/python3.8/multiprocessing/process.py", line 108, in run
    self._target(*self._args, **self._kwargs)
  File "/home/thoma/benchmarking_rlmut/RLMutation/RLMT/agent.py", line 166, in test
    mean_reward, std_reward = evaluate_policy(
  File "/home/thoma/anaconda3/envs/benchmark/lib/python3.8/site-packages/stable_baselines3/common/evaluation.py", line 89, in evaluate_policy
    observations, rewards, dones, infos = env.step(actions)
  File "/home/thoma/anaconda3/envs/benchmark/lib/python3.8/site-packages/stable_baselines3/common/vec_env/base_vec_env.py", line 162, in step
    return self.step_wait()
  File "/home/thoma/anaconda3/envs/benchmark/lib/python3.8/site-packages/stable_baselines3/common/vec_env/dummy_vec_env.py", line 43, in step_wait
    obs, self.buf_rews[env_idx], self.buf_dones[env_idx], self.buf_infos[env_idx] = self.envs[env_idx].step(
  File "/home/thoma/anaconda3/envs/benchmark/lib/python3.8/site-packages/stable_baselines3/common/monitor.py", line 94, in step
    observation, reward, done, info = self.env.step(action)
  File "/home/thoma/anaconda3/envs/benchmark/lib/python3.8/site-packages/gym/wrappers/time_limit.py", line 18, in step
    observation, reward, done, info = self.env.step(action)
  File "/home/thoma/benchmarking_rlmut/custom_env/custom_lunarlander/lunarlander_folder/envs/lunarlander_modified.py", line 347, in step
    self.world.Step(1.0 / FPS, 6 * 30, 2 * 30)
  File "/home/thoma/benchmarking_rlmut/custom_env/custom_lunarlander/lunarlander_folder/envs/lunarlander_modified.py", line 76, in BeginContact
    def BeginContact(self, contact):
KeyboardInterrupt
Process Process-21:
Traceback (most recent call last):
  File "/home/thoma/anaconda3/envs/benchmark/lib/python3.8/multiprocessing/process.py", line 315, in _bootstrap
    self.run()
  File "/home/thoma/anaconda3/envs/benchmark/lib/python3.8/multiprocessing/process.py", line 108, in run
    self._target(*self._args, **self._kwargs)
  File "/home/thoma/benchmarking_rlmut/RLMutation/RLMT/agent.py", line 166, in test
    mean_reward, std_reward = evaluate_policy(
  File "/home/thoma/anaconda3/envs/benchmark/lib/python3.8/site-packages/stable_baselines3/common/evaluation.py", line 89, in evaluate_policy
    observations, rewards, dones, infos = env.step(actions)
  File "/home/thoma/anaconda3/envs/benchmark/lib/python3.8/site-packages/stable_baselines3/common/vec_env/base_vec_env.py", line 162, in step
    return self.step_wait()
  File "/home/thoma/anaconda3/envs/benchmark/lib/python3.8/site-packages/stable_baselines3/common/vec_env/dummy_vec_env.py", line 43, in step_wait
    obs, self.buf_rews[env_idx], self.buf_dones[env_idx], self.buf_infos[env_idx] = self.envs[env_idx].step(
  File "/home/thoma/anaconda3/envs/benchmark/lib/python3.8/site-packages/stable_baselines3/common/monitor.py", line 94, in step
    observation, reward, done, info = self.env.step(action)
  File "/home/thoma/anaconda3/envs/benchmark/lib/python3.8/site-packages/gym/wrappers/time_limit.py", line 18, in step
    observation, reward, done, info = self.env.step(action)
  File "/home/thoma/benchmarking_rlmut/custom_env/custom_lunarlander/lunarlander_folder/envs/lunarlander_modified.py", line 347, in step
    self.world.Step(1.0 / FPS, 6 * 30, 2 * 30)
  File "/home/thoma/benchmarking_rlmut/custom_env/custom_lunarlander/lunarlander_folder/envs/lunarlander_modified.py", line 76, in BeginContact
    def BeginContact(self, contact):
KeyboardInterrupt
Process Process-24:
Traceback (most recent call last):
  File "/home/thoma/anaconda3/envs/benchmark/lib/python3.8/multiprocessing/process.py", line 315, in _bootstrap
    self.run()
  File "/home/thoma/anaconda3/envs/benchmark/lib/python3.8/multiprocessing/process.py", line 108, in run
    self._target(*self._args, **self._kwargs)
  File "/home/thoma/benchmarking_rlmut/RLMutation/RLMT/agent.py", line 166, in test
    mean_reward, std_reward = evaluate_policy(
  File "/home/thoma/anaconda3/envs/benchmark/lib/python3.8/site-packages/stable_baselines3/common/evaluation.py", line 89, in evaluate_policy
    observations, rewards, dones, infos = env.step(actions)
  File "/home/thoma/anaconda3/envs/benchmark/lib/python3.8/site-packages/stable_baselines3/common/vec_env/base_vec_env.py", line 162, in step
    return self.step_wait()
  File "/home/thoma/anaconda3/envs/benchmark/lib/python3.8/site-packages/stable_baselines3/common/vec_env/dummy_vec_env.py", line 43, in step_wait
    obs, self.buf_rews[env_idx], self.buf_dones[env_idx], self.buf_infos[env_idx] = self.envs[env_idx].step(
  File "/home/thoma/anaconda3/envs/benchmark/lib/python3.8/site-packages/stable_baselines3/common/monitor.py", line 94, in step
    observation, reward, done, info = self.env.step(action)
  File "/home/thoma/anaconda3/envs/benchmark/lib/python3.8/site-packages/gym/wrappers/time_limit.py", line 18, in step
    observation, reward, done, info = self.env.step(action)
  File "/home/thoma/benchmarking_rlmut/custom_env/custom_lunarlander/lunarlander_folder/envs/lunarlander_modified.py", line 347, in step
    self.world.Step(1.0 / FPS, 6 * 30, 2 * 30)
  File "/home/thoma/benchmarking_rlmut/custom_env/custom_lunarlander/lunarlander_folder/envs/lunarlander_modified.py", line 76, in BeginContact
    def BeginContact(self, contact):
KeyboardInterrupt
Process Process-26:
Traceback (most recent call last):
  File "/home/thoma/anaconda3/envs/benchmark/lib/python3.8/multiprocessing/process.py", line 315, in _bootstrap
    self.run()
  File "/home/thoma/anaconda3/envs/benchmark/lib/python3.8/multiprocessing/process.py", line 108, in run
    self._target(*self._args, **self._kwargs)
  File "/home/thoma/benchmarking_rlmut/RLMutation/RLMT/agent.py", line 166, in test
    mean_reward, std_reward = evaluate_policy(
  File "/home/thoma/anaconda3/envs/benchmark/lib/python3.8/site-packages/stable_baselines3/common/evaluation.py", line 89, in evaluate_policy
    observations, rewards, dones, infos = env.step(actions)
  File "/home/thoma/anaconda3/envs/benchmark/lib/python3.8/site-packages/stable_baselines3/common/vec_env/base_vec_env.py", line 162, in step
    return self.step_wait()
  File "/home/thoma/anaconda3/envs/benchmark/lib/python3.8/site-packages/stable_baselines3/common/vec_env/dummy_vec_env.py", line 43, in step_wait
    obs, self.buf_rews[env_idx], self.buf_dones[env_idx], self.buf_infos[env_idx] = self.envs[env_idx].step(
  File "/home/thoma/anaconda3/envs/benchmark/lib/python3.8/site-packages/stable_baselines3/common/monitor.py", line 94, in step
    observation, reward, done, info = self.env.step(action)
  File "/home/thoma/anaconda3/envs/benchmark/lib/python3.8/site-packages/gym/wrappers/time_limit.py", line 18, in step
    observation, reward, done, info = self.env.step(action)
  File "/home/thoma/benchmarking_rlmut/custom_env/custom_lunarlander/lunarlander_folder/envs/lunarlander_modified.py", line 347, in step
    self.world.Step(1.0 / FPS, 6 * 30, 2 * 30)
  File "/home/thoma/benchmarking_rlmut/custom_env/custom_lunarlander/lunarlander_folder/envs/lunarlander_modified.py", line 76, in BeginContact
    def BeginContact(self, contact):
KeyboardInterrupt
Process Process-13:
Traceback (most recent call last):
  File "/home/thoma/anaconda3/envs/benchmark/lib/python3.8/multiprocessing/process.py", line 315, in _bootstrap
    self.run()
  File "/home/thoma/anaconda3/envs/benchmark/lib/python3.8/multiprocessing/process.py", line 108, in run
    self._target(*self._args, **self._kwargs)
  File "/home/thoma/benchmarking_rlmut/RLMutation/RLMT/agent.py", line 166, in test
    mean_reward, std_reward = evaluate_policy(
  File "/home/thoma/anaconda3/envs/benchmark/lib/python3.8/site-packages/stable_baselines3/common/evaluation.py", line 89, in evaluate_policy
    observations, rewards, dones, infos = env.step(actions)
  File "/home/thoma/anaconda3/envs/benchmark/lib/python3.8/site-packages/stable_baselines3/common/vec_env/base_vec_env.py", line 162, in step
    return self.step_wait()
  File "/home/thoma/anaconda3/envs/benchmark/lib/python3.8/site-packages/stable_baselines3/common/vec_env/dummy_vec_env.py", line 43, in step_wait
    obs, self.buf_rews[env_idx], self.buf_dones[env_idx], self.buf_infos[env_idx] = self.envs[env_idx].step(
  File "/home/thoma/anaconda3/envs/benchmark/lib/python3.8/site-packages/stable_baselines3/common/monitor.py", line 94, in step
    observation, reward, done, info = self.env.step(action)
  File "/home/thoma/anaconda3/envs/benchmark/lib/python3.8/site-packages/gym/wrappers/time_limit.py", line 18, in step
    observation, reward, done, info = self.env.step(action)
  File "/home/thoma/benchmarking_rlmut/custom_env/custom_lunarlander/lunarlander_folder/envs/lunarlander_modified.py", line 347, in step
    self.world.Step(1.0 / FPS, 6 * 30, 2 * 30)
  File "/home/thoma/benchmarking_rlmut/custom_env/custom_lunarlander/lunarlander_folder/envs/lunarlander_modified.py", line 76, in BeginContact
    def BeginContact(self, contact):
KeyboardInterrupt
Process ForkPoolWorker-11:
Traceback (most recent call last):
  File "/home/thoma/anaconda3/envs/benchmark/lib/python3.8/multiprocessing/process.py", line 315, in _bootstrap
    self.run()
  File "/home/thoma/anaconda3/envs/benchmark/lib/python3.8/multiprocessing/process.py", line 108, in run
    self._target(*self._args, **self._kwargs)
  File "/home/thoma/anaconda3/envs/benchmark/lib/python3.8/multiprocessing/pool.py", line 114, in worker
    task = get()
  File "/home/thoma/anaconda3/envs/benchmark/lib/python3.8/multiprocessing/queues.py", line 355, in get
    with self._rlock:
  File "/home/thoma/anaconda3/envs/benchmark/lib/python3.8/multiprocessing/synchronize.py", line 95, in __enter__
    return self._semlock.__enter__()
KeyboardInterrupt
Process Process-18:
Traceback (most recent call last):
  File "/home/thoma/anaconda3/envs/benchmark/lib/python3.8/multiprocessing/process.py", line 315, in _bootstrap
    self.run()
  File "/home/thoma/anaconda3/envs/benchmark/lib/python3.8/multiprocessing/process.py", line 108, in run
    self._target(*self._args, **self._kwargs)
  File "/home/thoma/benchmarking_rlmut/RLMutation/RLMT/agent.py", line 166, in test
    mean_reward, std_reward = evaluate_policy(
  File "/home/thoma/anaconda3/envs/benchmark/lib/python3.8/site-packages/stable_baselines3/common/evaluation.py", line 89, in evaluate_policy
    observations, rewards, dones, infos = env.step(actions)
  File "/home/thoma/anaconda3/envs/benchmark/lib/python3.8/site-packages/stable_baselines3/common/vec_env/base_vec_env.py", line 162, in step
    return self.step_wait()
  File "/home/thoma/anaconda3/envs/benchmark/lib/python3.8/site-packages/stable_baselines3/common/vec_env/dummy_vec_env.py", line 43, in step_wait
    obs, self.buf_rews[env_idx], self.buf_dones[env_idx], self.buf_infos[env_idx] = self.envs[env_idx].step(
  File "/home/thoma/anaconda3/envs/benchmark/lib/python3.8/site-packages/stable_baselines3/common/monitor.py", line 94, in step
    observation, reward, done, info = self.env.step(action)
  File "/home/thoma/anaconda3/envs/benchmark/lib/python3.8/site-packages/gym/wrappers/time_limit.py", line 18, in step
    observation, reward, done, info = self.env.step(action)
  File "/home/thoma/benchmarking_rlmut/custom_env/custom_lunarlander/lunarlander_folder/envs/lunarlander_modified.py", line 347, in step
    self.world.Step(1.0 / FPS, 6 * 30, 2 * 30)
  File "/home/thoma/benchmarking_rlmut/custom_env/custom_lunarlander/lunarlander_folder/envs/lunarlander_modified.py", line 76, in BeginContact
    def BeginContact(self, contact):
KeyboardInterrupt
Process Process-25:
Traceback (most recent call last):
  File "/home/thoma/anaconda3/envs/benchmark/lib/python3.8/multiprocessing/process.py", line 315, in _bootstrap
    self.run()
  File "/home/thoma/anaconda3/envs/benchmark/lib/python3.8/multiprocessing/process.py", line 108, in run
    self._target(*self._args, **self._kwargs)
  File "/home/thoma/benchmarking_rlmut/RLMutation/RLMT/agent.py", line 166, in test
    mean_reward, std_reward = evaluate_policy(
  File "/home/thoma/anaconda3/envs/benchmark/lib/python3.8/site-packages/stable_baselines3/common/evaluation.py", line 89, in evaluate_policy
    observations, rewards, dones, infos = env.step(actions)
  File "/home/thoma/anaconda3/envs/benchmark/lib/python3.8/site-packages/stable_baselines3/common/vec_env/base_vec_env.py", line 162, in step
    return self.step_wait()
  File "/home/thoma/anaconda3/envs/benchmark/lib/python3.8/site-packages/stable_baselines3/common/vec_env/dummy_vec_env.py", line 43, in step_wait
    obs, self.buf_rews[env_idx], self.buf_dones[env_idx], self.buf_infos[env_idx] = self.envs[env_idx].step(
  File "/home/thoma/anaconda3/envs/benchmark/lib/python3.8/site-packages/stable_baselines3/common/monitor.py", line 94, in step
    observation, reward, done, info = self.env.step(action)
  File "/home/thoma/anaconda3/envs/benchmark/lib/python3.8/site-packages/gym/wrappers/time_limit.py", line 18, in step
    observation, reward, done, info = self.env.step(action)
  File "/home/thoma/benchmarking_rlmut/custom_env/custom_lunarlander/lunarlander_folder/envs/lunarlander_modified.py", line 347, in step
    self.world.Step(1.0 / FPS, 6 * 30, 2 * 30)
  File "/home/thoma/benchmarking_rlmut/custom_env/custom_lunarlander/lunarlander_folder/envs/lunarlander_modified.py", line 76, in BeginContact
    def BeginContact(self, contact):
KeyboardInterrupt
Process Process-19:
Traceback (most recent call last):
  File "/home/thoma/anaconda3/envs/benchmark/lib/python3.8/multiprocessing/process.py", line 315, in _bootstrap
    self.run()
  File "/home/thoma/anaconda3/envs/benchmark/lib/python3.8/multiprocessing/process.py", line 108, in run
    self._target(*self._args, **self._kwargs)
  File "/home/thoma/benchmarking_rlmut/RLMutation/RLMT/agent.py", line 166, in test
    mean_reward, std_reward = evaluate_policy(
  File "/home/thoma/anaconda3/envs/benchmark/lib/python3.8/site-packages/stable_baselines3/common/evaluation.py", line 89, in evaluate_policy
    observations, rewards, dones, infos = env.step(actions)
  File "/home/thoma/anaconda3/envs/benchmark/lib/python3.8/site-packages/stable_baselines3/common/vec_env/base_vec_env.py", line 162, in step
    return self.step_wait()
  File "/home/thoma/anaconda3/envs/benchmark/lib/python3.8/site-packages/stable_baselines3/common/vec_env/dummy_vec_env.py", line 43, in step_wait
    obs, self.buf_rews[env_idx], self.buf_dones[env_idx], self.buf_infos[env_idx] = self.envs[env_idx].step(
  File "/home/thoma/anaconda3/envs/benchmark/lib/python3.8/site-packages/stable_baselines3/common/monitor.py", line 94, in step
    observation, reward, done, info = self.env.step(action)
  File "/home/thoma/anaconda3/envs/benchmark/lib/python3.8/site-packages/gym/wrappers/time_limit.py", line 18, in step
    observation, reward, done, info = self.env.step(action)
  File "/home/thoma/benchmarking_rlmut/custom_env/custom_lunarlander/lunarlander_folder/envs/lunarlander_modified.py", line 347, in step
    self.world.Step(1.0 / FPS, 6 * 30, 2 * 30)
  File "/home/thoma/benchmarking_rlmut/custom_env/custom_lunarlander/lunarlander_folder/envs/lunarlander_modified.py", line 87, in EndContact
    for i in range(2):
KeyboardInterrupt
Traceback (most recent call last):
  File "test_agent.py", line 104, in <module>
    process.join()
  File "/home/thoma/anaconda3/envs/benchmark/lib/python3.8/multiprocessing/process.py", line 149, in join
    res = self._popen.wait(timeout)
  File "/home/thoma/anaconda3/envs/benchmark/lib/python3.8/multiprocessing/popen_fork.py", line 47, in wait
    return self.poll(os.WNOHANG if timeout == 0.0 else 0)
  File "/home/thoma/anaconda3/envs/benchmark/lib/python3.8/multiprocessing/popen_fork.py", line 27, in poll
    pid, sts = os.waitpid(self.pid, flag)
KeyboardInterrupt

During handling of the above exception, another exception occurred:

Traceback (most recent call last):
  File "test_agent.py", line 104, in <module>
    process.join()
  File "/home/thoma/anaconda3/envs/benchmark/lib/python3.8/multiprocessing/pool.py", line 736, in __exit__
    self.terminate()
  File "/home/thoma/anaconda3/envs/benchmark/lib/python3.8/multiprocessing/pool.py", line 654, in terminate
    self._terminate()
  File "/home/thoma/anaconda3/envs/benchmark/lib/python3.8/multiprocessing/util.py", line 224, in __call__
    res = self._callback(*self._args, **self._kwargs)
  File "/home/thoma/anaconda3/envs/benchmark/lib/python3.8/multiprocessing/pool.py", line 692, in _terminate_pool
    cls._help_stuff_finish(inqueue, task_handler, len(pool))
  File "/home/thoma/anaconda3/envs/benchmark/lib/python3.8/multiprocessing/pool.py", line 672, in _help_stuff_finish
    inqueue._rlock.acquire()
KeyboardInterrupt
